<?xml version="1.0" encoding="UTF-8"?>
<testng-results ignored="0" total="3" passed="3" failed="0" skipped="0">
  <reporter-output>
  </reporter-output>
  <suite started-at="2024-04-06T16:01:03 IST" name="Default suite" finished-at="2024-04-06T16:02:07 IST" duration-ms="64386">
    <groups>
    </groups>
    <test started-at="2024-04-06T16:01:03 IST" name="Default test" finished-at="2024-04-06T16:02:07 IST" duration-ms="64386">
      <class name="com.blazed.qa.testcases.FlightSelectionPageTest">
        <test-method is-config="true" signature="setup()[pri:0, instance:com.blazed.qa.testcases.FlightSelectionPageTest@212b5695]" started-at="2024-04-06T16:01:03 IST" name="setup" finished-at="2024-04-06T16:01:18 IST" duration-ms="14755" status="PASS">
          <reporter-output>
          </reporter-output>
        </test-method> <!-- setup -->
        <test-method signature="verifyFlightPageUrl()[pri:1, instance:com.blazed.qa.testcases.FlightSelectionPageTest@212b5695]" started-at="2024-04-06T16:01:18 IST" name="verifyFlightPageUrl" finished-at="2024-04-06T16:01:24 IST" duration-ms="6044" status="PASS">
          <reporter-output>
          </reporter-output>
        </test-method> <!-- verifyFlightPageUrl -->
        <test-method is-config="true" signature="teardown()[pri:0, instance:com.blazed.qa.testcases.FlightSelectionPageTest@212b5695]" started-at="2024-04-06T16:01:24 IST" name="teardown" finished-at="2024-04-06T16:01:24 IST" duration-ms="835" status="PASS">
          <reporter-output>
          </reporter-output>
        </test-method> <!-- teardown -->
        <test-method is-config="true" signature="setup()[pri:0, instance:com.blazed.qa.testcases.FlightSelectionPageTest@212b5695]" started-at="2024-04-06T16:01:24 IST" name="setup" finished-at="2024-04-06T16:01:39 IST" duration-ms="14209" status="PASS">
          <reporter-output>
          </reporter-output>
        </test-method> <!-- setup -->
        <test-method signature="verifyFlightPageTitle()[pri:2, instance:com.blazed.qa.testcases.FlightSelectionPageTest@212b5695]" started-at="2024-04-06T16:01:39 IST" name="verifyFlightPageTitle" finished-at="2024-04-06T16:01:45 IST" duration-ms="6018" status="PASS">
          <reporter-output>
          </reporter-output>
        </test-method> <!-- verifyFlightPageTitle -->
        <test-method is-config="true" signature="teardown()[pri:0, instance:com.blazed.qa.testcases.FlightSelectionPageTest@212b5695]" started-at="2024-04-06T16:01:45 IST" name="teardown" finished-at="2024-04-06T16:01:45 IST" duration-ms="792" status="PASS">
          <reporter-output>
          </reporter-output>
        </test-method> <!-- teardown -->
        <test-method is-config="true" signature="setup()[pri:0, instance:com.blazed.qa.testcases.FlightSelectionPageTest@212b5695]" started-at="2024-04-06T16:01:45 IST" name="setup" finished-at="2024-04-06T16:02:00 IST" duration-ms="14382" status="PASS">
          <reporter-output>
          </reporter-output>
        </test-method> <!-- setup -->
        <test-method signature="verifyPurchaseTicketPage()[pri:3, instance:com.blazed.qa.testcases.FlightSelectionPageTest@212b5695]" started-at="2024-04-06T16:02:00 IST" name="verifyPurchaseTicketPage" finished-at="2024-04-06T16:02:06 IST" duration-ms="6524" status="PASS">
          <reporter-output>
          </reporter-output>
        </test-method> <!-- verifyPurchaseTicketPage -->
        <test-method is-config="true" signature="teardown()[pri:0, instance:com.blazed.qa.testcases.FlightSelectionPageTest@212b5695]" started-at="2024-04-06T16:02:06 IST" name="teardown" finished-at="2024-04-06T16:02:07 IST" duration-ms="782" status="PASS">
          <reporter-output>
          </reporter-output>
        </test-method> <!-- teardown -->
      </class> <!-- com.blazed.qa.testcases.FlightSelectionPageTest -->
    </test> <!-- Default test -->
  </suite> <!-- Default suite -->
</testng-results>
