<?xml version="1.0" encoding="UTF-8"?>
<!-- Generated by org.testng.reporters.JUnitXMLReporter -->
<testsuite ignored="0" hostname="Suman" failures="0" tests="3" name="Default test" time="64.386" errors="0" timestamp="2024-04-06T16:02:07 IST">
  <testcase classname="com.blazed.qa.testcases.FlightSelectionPageTest" name="verifyFlightPageUrl" time="6.044"/>
  <testcase classname="com.blazed.qa.testcases.FlightSelectionPageTest" name="verifyFlightPageTitle" time="6.018"/>
  <testcase classname="com.blazed.qa.testcases.FlightSelectionPageTest" name="verifyPurchaseTicketPage" time="6.524"/>
</testsuite> <!-- Default test -->
